<?xml version="1.0" encoding="UTF-8"?>
<!-- Generated by org.testng.reporters.JUnitXMLReporter -->
<testsuite ignored="0" hostname="DESKTOP-7GB375R" failures="0" tests="5" name="Default test" time="85.151" errors="0" timestamp="2023-07-02T01:14:15 IST">
  <testcase classname="TestLayer.EndToEndTelecomFlow" name="addCustomer" time="11.746"/>
  <testcase classname="TestLayer.EndToEndTelecomFlow" name="addTariffPlan" time="12.447"/>
  <testcase classname="TestLayer.EndToEndTelecomFlow" name="addCutomerTariffPlan" time="7.93"/>
  <testcase classname="TestLayer.EndToEndTelecomFlow" name="addTariffPlanToCustomer" time="36.105"/>
  <testcase classname="TestLayer.EndToEndTelecomFlow" name="payBilling" time="9.478"/>
</testsuite> <!-- Default test -->
