<?xml version="1.0" encoding="UTF-8"?>
<testng-results ignored="0" total="5" passed="5" failed="0" skipped="0">
  <reporter-output>
  </reporter-output>
  <suite started-at="2023-07-02T01:12:50 IST" name="Default suite" finished-at="2023-07-02T01:14:15 IST" duration-ms="85151">
    <groups>
    </groups>
    <test started-at="2023-07-02T01:12:50 IST" name="Default test" finished-at="2023-07-02T01:14:15 IST" duration-ms="85151">
      <class name="TestLayer.EndToEndTelecomFlow">
        <test-method is-config="true" signature="setUp()[pri:0, instance:TestLayer.EndToEndTelecomFlow@201a4587]" started-at="2023-07-02T01:12:50 IST" name="setUp" finished-at="2023-07-02T01:12:57 IST" duration-ms="7363" status="PASS">
          <reporter-output>
          </reporter-output>
        </test-method> <!-- setUp -->
        <test-method signature="addCustomer()[pri:1, instance:TestLayer.EndToEndTelecomFlow@201a4587]" started-at="2023-07-02T01:12:57 IST" name="addCustomer" finished-at="2023-07-02T01:13:09 IST" duration-ms="11746" status="PASS">
          <reporter-output>
          </reporter-output>
        </test-method> <!-- addCustomer -->
        <test-method signature="addTariffPlan()[pri:2, instance:TestLayer.EndToEndTelecomFlow@201a4587]" started-at="2023-07-02T01:13:09 IST" name="addTariffPlan" finished-at="2023-07-02T01:13:22 IST" duration-ms="12447" status="PASS">
          <reporter-output>
          </reporter-output>
        </test-method> <!-- addTariffPlan -->
        <test-method signature="addCutomerTariffPlan()[pri:3, instance:TestLayer.EndToEndTelecomFlow@201a4587]" started-at="2023-07-02T01:13:22 IST" name="addCutomerTariffPlan" finished-at="2023-07-02T01:13:29 IST" duration-ms="7930" status="PASS">
          <reporter-output>
          </reporter-output>
        </test-method> <!-- addCutomerTariffPlan -->
        <test-method signature="addTariffPlanToCustomer()[pri:4, instance:TestLayer.EndToEndTelecomFlow@201a4587]" started-at="2023-07-02T01:13:29 IST" name="addTariffPlanToCustomer" finished-at="2023-07-02T01:14:06 IST" duration-ms="36105" status="PASS">
          <reporter-output>
          </reporter-output>
        </test-method> <!-- addTariffPlanToCustomer -->
        <test-method signature="payBilling()[pri:5, instance:TestLayer.EndToEndTelecomFlow@201a4587]" started-at="2023-07-02T01:14:06 IST" name="payBilling" finished-at="2023-07-02T01:14:15 IST" duration-ms="9478" status="PASS">
          <reporter-output>
          </reporter-output>
        </test-method> <!-- payBilling -->
      </class> <!-- TestLayer.EndToEndTelecomFlow -->
    </test> <!-- Default test -->
  </suite> <!-- Default suite -->
</testng-results>
